c:\users\steve\desktop\ciclo 3\progra ii\practicas de juego\game4\game4\debug\vc142.pdb
c:\users\steve\desktop\ciclo 3\progra ii\practicas de juego\game4\game4\debug\instrucciones.obj
c:\users\steve\desktop\ciclo 3\progra ii\practicas de juego\game4\game4\debug\game.obj
c:\users\steve\desktop\ciclo 3\progra ii\practicas de juego\game4\game4\debug\.netframework,version=v4.6.1.assemblyattributes.obj
c:\users\steve\desktop\ciclo 3\progra ii\practicas de juego\game4\game4\debug\.netframework,version=v4.6.1.assemblyattributes.asm
c:\users\steve\desktop\ciclo 3\progra ii\practicas de juego\game4\game4\debug\game4.game.resources
c:\users\steve\desktop\ciclo 3\progra ii\practicas de juego\game4\game4\debug\game4.instrucciones.resources
c:\users\steve\desktop\ciclo 3\progra ii\practicas de juego\game4\debug\game4.exe
c:\users\steve\desktop\ciclo 3\progra ii\practicas de juego\game4\debug\game4.pdb
c:\users\steve\desktop\ciclo 3\progra ii\practicas de juego\game4\game4\debug\game4.vcxproj.generateresource.cache
c:\users\steve\desktop\ciclo 3\progra ii\practicas de juego\game4\game4\debug\game4.vcxprojassemblyreference.cache
c:\users\steve\desktop\ciclo 3\progra ii\practicas de juego\game4\game4\debug\game4.tlog\cl.command.1.tlog
c:\users\steve\desktop\ciclo 3\progra ii\practicas de juego\game4\game4\debug\game4.tlog\cl.read.1.tlog
c:\users\steve\desktop\ciclo 3\progra ii\practicas de juego\game4\game4\debug\game4.tlog\cl.write.1.tlog
c:\users\steve\desktop\ciclo 3\progra ii\practicas de juego\game4\game4\debug\game4.tlog\game4.write.1u.tlog
c:\users\steve\desktop\ciclo 3\progra ii\practicas de juego\game4\game4\debug\game4.tlog\link.10976.delete.1.tlog
c:\users\steve\desktop\ciclo 3\progra ii\practicas de juego\game4\game4\debug\game4.tlog\link.11164.delete.1.tlog
c:\users\steve\desktop\ciclo 3\progra ii\practicas de juego\game4\game4\debug\game4.tlog\link.11396.delete.1.tlog
c:\users\steve\desktop\ciclo 3\progra ii\practicas de juego\game4\game4\debug\game4.tlog\link.12208.delete.1.tlog
c:\users\steve\desktop\ciclo 3\progra ii\practicas de juego\game4\game4\debug\game4.tlog\link.12512.delete.1.tlog
c:\users\steve\desktop\ciclo 3\progra ii\practicas de juego\game4\game4\debug\game4.tlog\link.12528.delete.1.tlog
c:\users\steve\desktop\ciclo 3\progra ii\practicas de juego\game4\game4\debug\game4.tlog\link.12800.delete.1.tlog
c:\users\steve\desktop\ciclo 3\progra ii\practicas de juego\game4\game4\debug\game4.tlog\link.12828.delete.1.tlog
c:\users\steve\desktop\ciclo 3\progra ii\practicas de juego\game4\game4\debug\game4.tlog\link.13052.delete.1.tlog
c:\users\steve\desktop\ciclo 3\progra ii\practicas de juego\game4\game4\debug\game4.tlog\link.13992.delete.1.tlog
c:\users\steve\desktop\ciclo 3\progra ii\practicas de juego\game4\game4\debug\game4.tlog\link.14164.delete.1.tlog
c:\users\steve\desktop\ciclo 3\progra ii\practicas de juego\game4\game4\debug\game4.tlog\link.14284.delete.1.tlog
c:\users\steve\desktop\ciclo 3\progra ii\practicas de juego\game4\game4\debug\game4.tlog\link.14908.delete.1.tlog
c:\users\steve\desktop\ciclo 3\progra ii\practicas de juego\game4\game4\debug\game4.tlog\link.15228.delete.1.tlog
c:\users\steve\desktop\ciclo 3\progra ii\practicas de juego\game4\game4\debug\game4.tlog\link.16700.delete.1.tlog
c:\users\steve\desktop\ciclo 3\progra ii\practicas de juego\game4\game4\debug\game4.tlog\link.16784.delete.1.tlog
c:\users\steve\desktop\ciclo 3\progra ii\practicas de juego\game4\game4\debug\game4.tlog\link.17036.delete.1.tlog
c:\users\steve\desktop\ciclo 3\progra ii\practicas de juego\game4\game4\debug\game4.tlog\link.17252.delete.1.tlog
c:\users\steve\desktop\ciclo 3\progra ii\practicas de juego\game4\game4\debug\game4.tlog\link.1728.delete.1.tlog
c:\users\steve\desktop\ciclo 3\progra ii\practicas de juego\game4\game4\debug\game4.tlog\link.17660.delete.1.tlog
c:\users\steve\desktop\ciclo 3\progra ii\practicas de juego\game4\game4\debug\game4.tlog\link.17876.delete.1.tlog
c:\users\steve\desktop\ciclo 3\progra ii\practicas de juego\game4\game4\debug\game4.tlog\link.1832.delete.1.tlog
c:\users\steve\desktop\ciclo 3\progra ii\practicas de juego\game4\game4\debug\game4.tlog\link.18888.delete.1.tlog
c:\users\steve\desktop\ciclo 3\progra ii\practicas de juego\game4\game4\debug\game4.tlog\link.18932.delete.1.tlog
c:\users\steve\desktop\ciclo 3\progra ii\practicas de juego\game4\game4\debug\game4.tlog\link.19048.delete.1.tlog
c:\users\steve\desktop\ciclo 3\progra ii\practicas de juego\game4\game4\debug\game4.tlog\link.19184.delete.1.tlog
c:\users\steve\desktop\ciclo 3\progra ii\practicas de juego\game4\game4\debug\game4.tlog\link.19452.delete.1.tlog
c:\users\steve\desktop\ciclo 3\progra ii\practicas de juego\game4\game4\debug\game4.tlog\link.20512.delete.1.tlog
c:\users\steve\desktop\ciclo 3\progra ii\practicas de juego\game4\game4\debug\game4.tlog\link.20736.delete.1.tlog
c:\users\steve\desktop\ciclo 3\progra ii\practicas de juego\game4\game4\debug\game4.tlog\link.20816.delete.1.tlog
c:\users\steve\desktop\ciclo 3\progra ii\practicas de juego\game4\game4\debug\game4.tlog\link.20844.delete.1.tlog
c:\users\steve\desktop\ciclo 3\progra ii\practicas de juego\game4\game4\debug\game4.tlog\link.21732.delete.1.tlog
c:\users\steve\desktop\ciclo 3\progra ii\practicas de juego\game4\game4\debug\game4.tlog\link.21768.delete.1.tlog
c:\users\steve\desktop\ciclo 3\progra ii\practicas de juego\game4\game4\debug\game4.tlog\link.21840.delete.1.tlog
c:\users\steve\desktop\ciclo 3\progra ii\practicas de juego\game4\game4\debug\game4.tlog\link.22336.delete.1.tlog
c:\users\steve\desktop\ciclo 3\progra ii\practicas de juego\game4\game4\debug\game4.tlog\link.22544.delete.1.tlog
c:\users\steve\desktop\ciclo 3\progra ii\practicas de juego\game4\game4\debug\game4.tlog\link.2260.delete.1.tlog
c:\users\steve\desktop\ciclo 3\progra ii\practicas de juego\game4\game4\debug\game4.tlog\link.22696.delete.1.tlog
c:\users\steve\desktop\ciclo 3\progra ii\practicas de juego\game4\game4\debug\game4.tlog\link.23612.delete.1.tlog
c:\users\steve\desktop\ciclo 3\progra ii\practicas de juego\game4\game4\debug\game4.tlog\link.24536.delete.1.tlog
c:\users\steve\desktop\ciclo 3\progra ii\practicas de juego\game4\game4\debug\game4.tlog\link.25420.delete.1.tlog
c:\users\steve\desktop\ciclo 3\progra ii\practicas de juego\game4\game4\debug\game4.tlog\link.25808.delete.1.tlog
c:\users\steve\desktop\ciclo 3\progra ii\practicas de juego\game4\game4\debug\game4.tlog\link.25864.delete.1.tlog
c:\users\steve\desktop\ciclo 3\progra ii\practicas de juego\game4\game4\debug\game4.tlog\link.25976.delete.1.tlog
c:\users\steve\desktop\ciclo 3\progra ii\practicas de juego\game4\game4\debug\game4.tlog\link.2668.delete.1.tlog
c:\users\steve\desktop\ciclo 3\progra ii\practicas de juego\game4\game4\debug\game4.tlog\link.27408.delete.1.tlog
c:\users\steve\desktop\ciclo 3\progra ii\practicas de juego\game4\game4\debug\game4.tlog\link.27800.delete.1.tlog
c:\users\steve\desktop\ciclo 3\progra ii\practicas de juego\game4\game4\debug\game4.tlog\link.27952.delete.1.tlog
c:\users\steve\desktop\ciclo 3\progra ii\practicas de juego\game4\game4\debug\game4.tlog\link.28284.delete.1.tlog
c:\users\steve\desktop\ciclo 3\progra ii\practicas de juego\game4\game4\debug\game4.tlog\link.30064.delete.1.tlog
c:\users\steve\desktop\ciclo 3\progra ii\practicas de juego\game4\game4\debug\game4.tlog\link.30448.delete.1.tlog
c:\users\steve\desktop\ciclo 3\progra ii\practicas de juego\game4\game4\debug\game4.tlog\link.30740.delete.1.tlog
c:\users\steve\desktop\ciclo 3\progra ii\practicas de juego\game4\game4\debug\game4.tlog\link.31040.delete.1.tlog
c:\users\steve\desktop\ciclo 3\progra ii\practicas de juego\game4\game4\debug\game4.tlog\link.32224.delete.1.tlog
c:\users\steve\desktop\ciclo 3\progra ii\practicas de juego\game4\game4\debug\game4.tlog\link.32356.delete.1.tlog
c:\users\steve\desktop\ciclo 3\progra ii\practicas de juego\game4\game4\debug\game4.tlog\link.32848.delete.1.tlog
c:\users\steve\desktop\ciclo 3\progra ii\practicas de juego\game4\game4\debug\game4.tlog\link.33552.delete.1.tlog
c:\users\steve\desktop\ciclo 3\progra ii\practicas de juego\game4\game4\debug\game4.tlog\link.33644.delete.1.tlog
c:\users\steve\desktop\ciclo 3\progra ii\practicas de juego\game4\game4\debug\game4.tlog\link.33728.delete.1.tlog
c:\users\steve\desktop\ciclo 3\progra ii\practicas de juego\game4\game4\debug\game4.tlog\link.35420.delete.1.tlog
c:\users\steve\desktop\ciclo 3\progra ii\practicas de juego\game4\game4\debug\game4.tlog\link.3772.delete.1.tlog
c:\users\steve\desktop\ciclo 3\progra ii\practicas de juego\game4\game4\debug\game4.tlog\link.4380.delete.1.tlog
c:\users\steve\desktop\ciclo 3\progra ii\practicas de juego\game4\game4\debug\game4.tlog\link.4396.delete.1.tlog
c:\users\steve\desktop\ciclo 3\progra ii\practicas de juego\game4\game4\debug\game4.tlog\link.4468.delete.1.tlog
c:\users\steve\desktop\ciclo 3\progra ii\practicas de juego\game4\game4\debug\game4.tlog\link.5528.delete.1.tlog
c:\users\steve\desktop\ciclo 3\progra ii\practicas de juego\game4\game4\debug\game4.tlog\link.6592.delete.1.tlog
c:\users\steve\desktop\ciclo 3\progra ii\practicas de juego\game4\game4\debug\game4.tlog\link.6960.delete.1.tlog
c:\users\steve\desktop\ciclo 3\progra ii\practicas de juego\game4\game4\debug\game4.tlog\link.7296.delete.1.tlog
c:\users\steve\desktop\ciclo 3\progra ii\practicas de juego\game4\game4\debug\game4.tlog\link.8380.delete.1.tlog
c:\users\steve\desktop\ciclo 3\progra ii\practicas de juego\game4\game4\debug\game4.tlog\link.8556.delete.1.tlog
c:\users\steve\desktop\ciclo 3\progra ii\practicas de juego\game4\game4\debug\game4.tlog\link.9560.delete.1.tlog
c:\users\steve\desktop\ciclo 3\progra ii\practicas de juego\game4\game4\debug\game4.tlog\link.9772.delete.1.tlog
c:\users\steve\desktop\ciclo 3\progra ii\practicas de juego\game4\game4\debug\game4.tlog\link.9896.delete.1.tlog
c:\users\steve\desktop\ciclo 3\progra ii\practicas de juego\game4\game4\debug\game4.tlog\link.9900.delete.1.tlog
c:\users\steve\desktop\ciclo 3\progra ii\practicas de juego\game4\game4\debug\game4.tlog\link.command.1.tlog
c:\users\steve\desktop\ciclo 3\progra ii\practicas de juego\game4\game4\debug\game4.tlog\link.read.1.tlog
c:\users\steve\desktop\ciclo 3\progra ii\practicas de juego\game4\game4\debug\game4.tlog\link.write.1.tlog
c:\users\steve\desktop\ciclo 3\progra ii\practicas de juego\game4\game4\debug\game4.tlog\metagen.read.1.tlog
c:\users\steve\desktop\ciclo 3\progra ii\practicas de juego\game4\game4\debug\game4.tlog\metagen.write.1.tlog
